Run 2018-Feb-08 16:52:
Input files: deme settings 'input/demefile', epistasis 'input/episfile', single-locus 'undefined', environment 'undefined'
Output files: 'output/dmi.main'
Number of replicates: 10
Number of generations: 5
Writing output every 5 generations
Mean fecundity: 5.0
Number of homolog chromosomes: 10
Migration rate: 0.010000
Selection coefficient: 0.100000
Selection along DMI ridge: 0.000000
Recessivity for DMIs: 2
Selection stage: fertility
Migration stage: progeny
Dispersal mode: 0
Markers per chromosome: 100
Fitness model: mult
Staining: no
Number of demes: 1
Adult capacity: 100 
Progeny capacity: 100 
Migration matrix:
   0.005   0.990   0.005
Marker positions:
0.000 0.010 0.020 0.030 0.040 0.051 0.061 0.071 0.081 0.091 0.101 0.111 0.121 0.131 0.141 0.152 0.162 0.172 0.182 0.192 0.202 0.212 0.222 0.232 0.242 0.253 0.263 0.273 0.283 0.293 0.303 0.313 0.323 0.333 0.343 0.354 0.364 0.374 0.384 0.394 0.404 0.414 0.424 0.434 0.444 0.455 0.465 0.475 0.485 0.495 0.505 0.515 0.525 0.535 0.545 0.556 0.566 0.576 0.586 0.596 0.606 0.616 0.626 0.636 0.646 0.657 0.667 0.677 0.687 0.697 0.707 0.717 0.727 0.737 0.747 0.758 0.768 0.778 0.788 0.798 0.808 0.818 0.828 0.838 0.848 0.859 0.869 0.879 0.889 0.899 0.909 0.919 0.929 0.939 0.949 0.960 0.970 0.980 0.990 1.000 
Selection:
2 epistatic loci, 1 complex, 2-plets
0 selected single-loci, including
0 environmental selected loci
